2020-12-08 12:39:23 DEBUG Logging:35 - Switching to frame
2020-12-08 12:39:23 DEBUG Logging:35 - Switching to frame
2020-12-08 12:39:23 DEBUG Logging:35 - Clicking on the Chaticon
2020-12-08 12:39:23 DEBUG Logging:35 - Clicking on the Chaticon
2020-12-08 12:39:24 INFO  Logging:30 - Providing Username
2020-12-08 12:39:24 INFO  Logging:30 - Providing Mobile Number
2020-12-08 12:39:24 INFO  Logging:30 - Providing Mail_Id
2020-12-08 12:39:25 INFO  Logging:30 - Clicking the checkbox
2020-12-08 12:39:25 INFO  Logging:30 - Providing Username
2020-12-08 12:39:25 INFO  Logging:30 - Selecting from Dropdown
2020-12-08 12:39:25 INFO  Logging:30 - Providing Mobile Number
2020-12-08 12:39:25 INFO  Logging:30 - Providing Mail_Id
2020-12-08 12:39:25 INFO  Logging:30 - Clicking the checkbox
2020-12-08 12:39:26 INFO  Logging:30 - Selecting from Dropdown
2020-12-08 13:07:37 INFO  Logging:30 - Clicking contactUs
2020-12-08 13:07:37 INFO  Logging:30 - Clicking contactUs
2020-12-08 13:10:20 INFO  Logging:30 - Clicking contactUs
2020-12-08 13:10:20 INFO  Logging:30 - Clicking contactUs
2020-12-08 13:39:28 INFO  Logging:30 - Clicking contactUs
2020-12-08 13:39:29 INFO  Logging:30 - Clicking contactUs
2020-12-08 13:39:31 INFO  Logging:30 - Selecting Value From Dropdown
2020-12-08 13:39:33 INFO  Logging:30 - Selecting Value From Dropdown
2020-12-08 13:43:21 INFO  Logging:30 - Clicking contactUs
2020-12-08 13:43:21 INFO  Logging:30 - Clicking contactUs
2020-12-08 13:43:24 INFO  Logging:30 - Selecting Value From Dropdown
2020-12-08 13:43:24 INFO  Logging:30 - Selecting Value From Dropdown
2020-12-08 14:13:46 INFO  Logging:30 - Clicking contactUs
2020-12-08 14:13:51 INFO  Logging:30 - Selecting Value From Dropdown
2020-12-08 14:14:00 INFO  Logging:30 - Clicking contactUs
2020-12-08 14:14:03 INFO  Logging:30 - Selecting Value From Dropdown
2020-12-08 14:18:52 INFO  Logging:30 - Clicking contactUs
2020-12-08 14:18:55 INFO  Logging:30 - Selecting Value From Dropdown
2020-12-08 14:18:56 INFO  Logging:30 - Clicking contactUs
2020-12-08 14:19:00 INFO  Logging:30 - Selecting Value From Dropdown
2020-12-08 14:23:30 INFO  Logging:30 - Clicking contactUs
2020-12-08 14:23:33 INFO  Logging:30 - Selecting Value From Dropdown
2020-12-08 14:23:33 INFO  Logging:30 - Clicking contactUs
2020-12-08 14:23:38 INFO  Logging:30 - Selecting Value From Dropdown
2020-12-08 14:36:12 INFO  Logging:30 - Clicking contactUs
2020-12-08 14:36:14 INFO  Logging:30 - Clicking contactUs
2020-12-08 14:36:16 INFO  Logging:30 - Selecting Value From Dropdown
2020-12-08 14:36:18 INFO  Logging:30 - Selecting Value From Dropdown
2020-12-08 14:39:45 INFO  Logging:30 - Clicking contactUs
2020-12-08 14:39:47 INFO  Logging:30 - Clicking contactUs
2020-12-08 14:39:48 INFO  Logging:30 - Selecting Value From Dropdown
2020-12-08 14:39:49 INFO  Logging:30 - Selecting Value From Dropdown
2020-12-08 14:41:42 INFO  Logging:30 - Clicking contactUs
2020-12-08 14:41:47 INFO  Logging:30 - Selecting Value From Dropdown
2020-12-08 14:56:29 INFO  Logging:30 - Clicking contactUs
2020-12-08 14:56:37 INFO  Logging:30 - Entering Mail
2020-12-08 14:57:04 INFO  Logging:30 - Clicking contactUs
2020-12-08 14:57:06 INFO  Logging:30 - Clicking contactUs
2020-12-08 14:57:06 INFO  Logging:30 - Clicking contactUs
2020-12-08 14:57:07 INFO  Logging:30 - Entering Mail
2020-12-08 14:57:08 INFO  Logging:30 - Entering Mail
2020-12-08 14:57:08 INFO  Logging:30 - Entering Mail
2020-12-08 15:12:22 INFO  Logging:30 - Clicking contactUs
2020-12-08 15:12:26 INFO  Logging:30 - Entering Mail
2020-12-08 15:12:26 INFO  Logging:30 - Entering Order Reference
2020-12-08 15:12:27 INFO  Logging:30 - Attaching Reference
2020-12-08 15:18:20 INFO  Logging:30 - Clicking contactUs
2020-12-08 15:18:24 INFO  Logging:30 - Entering Mail
2020-12-08 15:18:24 INFO  Logging:30 - Entering Order Reference
2020-12-08 15:18:24 INFO  Logging:30 - Attaching Reference
2020-12-08 15:18:26 INFO  Logging:30 - Clicking contactUs
2020-12-08 15:18:30 INFO  Logging:30 - Entering Mail
2020-12-08 15:18:30 INFO  Logging:30 - Entering Order Reference
2020-12-08 15:18:30 INFO  Logging:30 - Attaching Reference
2020-12-08 15:19:59 INFO  Logging:30 - Clicking contactUs
2020-12-08 15:20:00 INFO  Logging:30 - Clicking contactUs
2020-12-08 15:20:02 INFO  Logging:30 - Entering Mail
2020-12-08 15:20:02 INFO  Logging:30 - Entering Order Reference
2020-12-08 15:20:02 INFO  Logging:30 - Attaching Reference
2020-12-08 15:20:03 INFO  Logging:30 - Entering Mail
2020-12-08 15:20:03 INFO  Logging:30 - Entering Order Reference
2020-12-08 15:20:04 INFO  Logging:30 - Attaching Reference
2020-12-08 15:23:08 INFO  Logging:30 - Clicking contactUs
2020-12-08 15:23:12 INFO  Logging:30 - Entering Mail
2020-12-08 15:23:12 INFO  Logging:30 - Entering Order Reference
2020-12-08 15:23:12 INFO  Logging:30 - Clicking Send Button
2020-12-08 15:25:57 INFO  Logging:30 - Clicking contactUs
2020-12-08 15:26:00 INFO  Logging:30 - Clicking contactUs
2020-12-08 15:26:01 INFO  Logging:30 - Entering Mail
2020-12-08 15:26:01 INFO  Logging:30 - Entering Order Reference
2020-12-08 15:26:01 INFO  Logging:30 - Clicking Send Button
2020-12-08 15:26:04 INFO  Logging:30 - Entering Mail
2020-12-08 15:26:04 INFO  Logging:30 - Entering Order Reference
2020-12-08 15:26:04 INFO  Logging:30 - Clicking Send Button
2020-12-08 15:40:16 INFO  Logging:30 - Clicking contactUs
2020-12-08 15:40:18 INFO  Logging:30 - Clicking contactUs
2020-12-08 15:40:19 INFO  Logging:30 - Entering Mail
2020-12-08 15:40:19 INFO  Logging:30 - Entering Order Reference
2020-12-08 15:40:19 INFO  Logging:30 - Clicking Send Button
2020-12-08 15:40:22 INFO  Logging:30 - Entering Mail
2020-12-08 15:40:22 INFO  Logging:30 - Entering Order Reference
2020-12-08 15:40:22 INFO  Logging:30 - Clicking Send Button
2020-12-08 15:40:42 INFO  Logging:30 - Clicking contactUs
2020-12-08 15:40:44 INFO  Logging:30 - Clicking contactUs
2020-12-08 15:40:45 INFO  Logging:30 - Entering Mail
2020-12-08 15:40:46 INFO  Logging:30 - Entering Order Reference
2020-12-08 15:40:46 INFO  Logging:30 - Clicking Send Button
2020-12-08 15:40:48 INFO  Logging:30 - Entering Mail
2020-12-08 15:40:48 INFO  Logging:30 - Entering Order Reference
2020-12-08 15:40:48 INFO  Logging:30 - Clicking Send Button
2020-12-08 15:41:10 INFO  Logging:30 - Clicking contactUs
2020-12-08 15:41:13 INFO  Logging:30 - Entering Mail
2020-12-08 15:41:13 INFO  Logging:30 - Entering Order Reference
2020-12-08 15:41:13 INFO  Logging:30 - Clicking Send Button
2020-12-08 15:41:13 INFO  Logging:30 - Clicking contactUs
2020-12-08 15:41:17 INFO  Logging:30 - Entering Mail
2020-12-08 15:41:17 INFO  Logging:30 - Entering Order Reference
2020-12-08 15:41:18 INFO  Logging:30 - Clicking Send Button
2020-12-08 15:41:38 INFO  Logging:30 - Clicking contactUs
2020-12-08 15:41:39 INFO  Logging:30 - Clicking contactUs
2020-12-08 15:41:41 INFO  Logging:30 - Entering Mail
2020-12-08 15:41:41 INFO  Logging:30 - Entering Order Reference
2020-12-08 15:41:41 INFO  Logging:30 - Clicking Send Button
2020-12-08 15:41:43 INFO  Logging:30 - Entering Mail
2020-12-08 15:41:43 INFO  Logging:30 - Entering Order Reference
2020-12-08 15:41:43 INFO  Logging:30 - Clicking Send Button
2020-12-08 15:42:05 INFO  Logging:30 - Clicking contactUs
2020-12-08 15:42:07 INFO  Logging:30 - Clicking contactUs
2020-12-08 15:42:07 INFO  Logging:30 - Entering Mail
2020-12-08 15:42:07 INFO  Logging:30 - Entering Order Reference
2020-12-08 15:42:08 INFO  Logging:30 - Clicking Send Button
2020-12-08 15:42:10 INFO  Logging:30 - Entering Mail
2020-12-08 15:42:11 INFO  Logging:30 - Entering Order Reference
2020-12-08 15:42:11 INFO  Logging:30 - Clicking Send Button
2020-12-08 16:04:20 INFO  Logging:30 - Clicking contactUs
2020-12-08 16:04:22 INFO  Logging:30 - Clicking contactUs
2020-12-08 16:04:23 INFO  Logging:30 - Entering Mail
2020-12-08 16:04:23 INFO  Logging:30 - Entering Order Reference
2020-12-08 16:04:23 INFO  Logging:30 - Clicking Send Button
2020-12-08 16:04:27 INFO  Logging:30 - Entering Mail
2020-12-08 16:04:28 INFO  Logging:30 - Entering Order Reference
2020-12-08 16:04:28 INFO  Logging:30 - Clicking Send Button
2020-12-08 16:04:46 INFO  Logging:30 - Clicking contactUs
2020-12-08 16:04:49 INFO  Logging:30 - Entering Mail
2020-12-08 16:04:49 INFO  Logging:30 - Entering Order Reference
2020-12-08 16:04:49 INFO  Logging:30 - Clicking Send Button
2020-12-08 16:04:50 INFO  Logging:30 - Clicking contactUs
2020-12-08 16:04:54 INFO  Logging:30 - Entering Mail
2020-12-08 16:04:54 INFO  Logging:30 - Entering Order Reference
2020-12-08 16:04:54 INFO  Logging:30 - Clicking Send Button
2020-12-08 16:05:10 INFO  Logging:30 - Clicking contactUs
2020-12-08 16:05:13 INFO  Logging:30 - Entering Mail
2020-12-08 16:05:13 INFO  Logging:30 - Entering Order Reference
2020-12-08 16:05:13 INFO  Logging:30 - Clicking Send Button
2020-12-08 16:05:15 INFO  Logging:30 - Clicking contactUs
2020-12-08 16:05:18 INFO  Logging:30 - Entering Mail
2020-12-08 16:05:18 INFO  Logging:30 - Entering Order Reference
2020-12-08 16:05:19 INFO  Logging:30 - Clicking Send Button
2020-12-08 16:05:35 INFO  Logging:30 - Clicking contactUs
2020-12-08 16:05:38 INFO  Logging:30 - Entering Mail
2020-12-08 16:05:38 INFO  Logging:30 - Entering Order Reference
2020-12-08 16:05:38 INFO  Logging:30 - Clicking Send Button
2020-12-08 16:05:40 INFO  Logging:30 - Clicking contactUs
2020-12-08 16:05:43 INFO  Logging:30 - Entering Mail
2020-12-08 16:05:43 INFO  Logging:30 - Entering Order Reference
2020-12-08 16:05:43 INFO  Logging:30 - Clicking Send Button
2020-12-08 16:06:02 INFO  Logging:30 - Clicking contactUs
2020-12-08 16:06:04 INFO  Logging:30 - Entering Mail
2020-12-08 16:06:04 INFO  Logging:30 - Entering Order Reference
2020-12-08 16:06:04 INFO  Logging:30 - Clicking Send Button
2020-12-08 16:06:07 INFO  Logging:30 - Clicking contactUs
2020-12-08 16:06:11 INFO  Logging:30 - Entering Mail
2020-12-08 16:06:11 INFO  Logging:30 - Entering Order Reference
2020-12-08 16:06:11 INFO  Logging:30 - Clicking Send Button
